<?xml version="1.0" encoding="UTF-8"?>
<testng-results ignored="0" total="1" passed="1" failed="0" skipped="0">
  <reporter-output>
  </reporter-output>
  <suite started-at="2024-04-06T21:46:03 IST" name="Default suite" finished-at="2024-04-06T21:46:03 IST" duration-ms="361">
    <groups>
    </groups>
    <test started-at="2024-04-06T21:46:03 IST" name="Default test" finished-at="2024-04-06T21:46:03 IST" duration-ms="361">
      <class name="xpath.NewTest2">
        <test-method is-config="true" signature="beforeSuite()[pri:0, instance:xpath.NewTest2@6404f418]" started-at="2024-04-06T21:46:03 IST" name="beforeSuite" finished-at="2024-04-06T21:46:03 IST" duration-ms="46" status="PASS">
          <reporter-output>
          </reporter-output>
        </test-method> <!-- beforeSuite -->
        <test-method is-config="true" signature="beforeTest()[pri:0, instance:xpath.NewTest2@6404f418]" started-at="2024-04-06T21:46:03 IST" name="beforeTest" finished-at="2024-04-06T21:46:03 IST" duration-ms="7" status="PASS">
          <reporter-output>
          </reporter-output>
        </test-method> <!-- beforeTest -->
        <test-method is-config="true" signature="beforeClass()[pri:0, instance:xpath.NewTest2@6404f418]" started-at="2024-04-06T21:46:03 IST" name="beforeClass" finished-at="2024-04-06T21:46:03 IST" duration-ms="0" status="PASS">
          <reporter-output>
          </reporter-output>
        </test-method> <!-- beforeClass -->
        <test-method is-config="true" signature="beforeMethod()[pri:0, instance:xpath.NewTest2@6404f418]" started-at="2024-04-06T21:46:03 IST" name="beforeMethod" finished-at="2024-04-06T21:46:03 IST" duration-ms="0" status="PASS">
          <reporter-output>
          </reporter-output>
        </test-method> <!-- beforeMethod -->
        <test-method signature="f()[pri:0, instance:xpath.NewTest2@6404f418]" started-at="2024-04-06T21:46:03 IST" name="f" finished-at="2024-04-06T21:46:03 IST" duration-ms="51" status="PASS">
          <reporter-output>
          </reporter-output>
        </test-method> <!-- f -->
        <test-method is-config="true" signature="afterMethod()[pri:0, instance:xpath.NewTest2@6404f418]" started-at="2024-04-06T21:46:03 IST" name="afterMethod" finished-at="2024-04-06T21:46:03 IST" duration-ms="1" status="PASS">
          <reporter-output>
          </reporter-output>
        </test-method> <!-- afterMethod -->
        <test-method is-config="true" signature="afterClass()[pri:0, instance:xpath.NewTest2@6404f418]" started-at="2024-04-06T21:46:03 IST" name="afterClass" finished-at="2024-04-06T21:46:03 IST" duration-ms="0" status="PASS">
          <reporter-output>
          </reporter-output>
        </test-method> <!-- afterClass -->
        <test-method is-config="true" signature="afterTest()[pri:0, instance:xpath.NewTest2@6404f418]" started-at="2024-04-06T21:46:03 IST" name="afterTest" finished-at="2024-04-06T21:46:03 IST" duration-ms="1" status="PASS">
          <reporter-output>
          </reporter-output>
        </test-method> <!-- afterTest -->
        <test-method is-config="true" signature="afterSuite()[pri:0, instance:xpath.NewTest2@6404f418]" started-at="2024-04-06T21:46:04 IST" name="afterSuite" finished-at="2024-04-06T21:46:04 IST" duration-ms="2" status="PASS">
          <reporter-output>
          </reporter-output>
        </test-method> <!-- afterSuite -->
      </class> <!-- xpath.NewTest2 -->
    </test> <!-- Default test -->
  </suite> <!-- Default suite -->
</testng-results>
